# JRE version: Java(TM) SE Runtime Environment (17.0.12+8) (build 17.0.12+8-LTS-286)
# Java VM: Java HotSpot(TM) 64-Bit Server VM (17.0.12+8-LTS-286, mixed mode, sharing, tiered, compressed oops, compressed class ptrs, g1 gc, windows-amd64)
GC Precious Log:
 CPUs: 12 total, 12 available
 Memory: 16028M
 Large Page Support: Disabled
 NUMA Support: Disabled
 Compressed Oops: Enabled (32-bit)
 Heap Region Size: 1M
 Heap Min Capacity: 8M
 Heap Initial Capacity: 252M
 Heap Max Capacity: 1G
 Pre-touch: Disabled
 Parallel Workers: 10
 Concurrent Workers: 3
 Concurrent Refinement Workers: 10
 Periodic GC: Disabled
Heap:
 garbage-first heap   total 273408K, used 79110K [0x00000000c0000000, 0x0000000100000000)
  region size 1024K, 1 young (1024K), 0 survivors (0K)
 Metaspace       used 10047K, committed 10240K, reserved 1114112K
  class space    used 1509K, committed 1600K, reserved 1048576K
GC Heap History (20 events):
Event: 4.563 GC heap before
{Heap before GC invocations=31 (full 9):
 garbage-first heap   total 160768K, used 60853K [0x00000000c0000000, 0x0000000100000000)
  region size 1024K, 16 young (16384K), 0 survivors (0K)
 Metaspace       used 9428K, committed 9664K, reserved 1114112K
  class space    used 1426K, committed 1536K, reserved 1048576K
}
Event: 4.674 GC heap after
{Heap after GC invocations=32 (full 10):
 garbage-first heap   total 160768K, used 47119K [0x00000000c0000000, 0x0000000100000000)
  region size 1024K, 0 young (0K), 0 survivors (0K)
 Metaspace       used 9428K, committed 9664K, reserved 1114112K
  class space    used 1426K, committed 1536K, reserved 1048576K
}
Event: 4.886 GC heap before
{Heap before GC invocations=32 (full 10):
 garbage-first heap   total 160768K, used 95247K [0x00000000c0000000, 0x0000000100000000)
  region size 1024K, 48 young (49152K), 0 survivors (0K)
 Metaspace       used 9440K, committed 9664K, reserved 1114112K
  class space    used 1426K, committed 1536K, reserved 1048576K
}
Event: 4.991 GC heap after
{Heap after GC invocations=33 (full 11):
 garbage-first heap   total 160768K, used 53254K [0x00000000c0000000, 0x0000000100000000)
  region size 1024K, 0 young (0K), 0 survivors (0K)
 Metaspace       used 9440K, committed 9664K, reserved 1114112K
  class space    used 1426K, committed 1536K, reserved 1048576K
}
Event: 5.166 GC heap before
{Heap before GC invocations=33 (full 11):
 garbage-first heap   total 160768K, used 117766K [0x00000000c0000000, 0x0000000100000000)
  region size 1024K, 63 young (64512K), 0 survivors (0K)
 Metaspace       used 9512K, committed 9664K, reserved 1114112K
  class space    used 1457K, committed 1536K, reserved 1048576K
}
Event: 5.190 GC heap after
{Heap after GC invocations=34 (full 11):
 garbage-first heap   total 160768K, used 62159K [0x00000000c0000000, 0x0000000100000000)
  region size 1024K, 8 young (8192K), 8 survivors (8192K)
 Metaspace       used 9512K, committed 9664K, reserved 1114112K
  class space    used 1457K, committed 1536K, reserved 1048576K
}
Event: 5.321 GC heap before
{Heap before GC invocations=34 (full 11):
 garbage-first heap   total 160768K, used 87759K [0x00000000c0000000, 0x0000000100000000)
  region size 1024K, 34 young (34816K), 8 survivors (8192K)
 Metaspace       used 9520K, committed 9664K, reserved 1114112K
  class space    used 1459K, committed 1536K, reserved 1048576K
}
Event: 5.435 GC heap after
{Heap after GC invocations=35 (full 12):
 garbage-first heap   total 160768K, used 63652K [0x00000000c0000000, 0x0000000100000000)
  region size 1024K, 0 young (0K), 0 survivors (0K)
 Metaspace       used 9520K, committed 9664K, reserved 1114112K
  class space    used 1459K, committed 1536K, reserved 1048576K
}
Event: 5.532 GC heap before
{Heap before GC invocations=35 (full 12):
 garbage-first heap   total 160768K, used 116900K [0x00000000c0000000, 0x0000000100000000)
  region size 1024K, 52 young (53248K), 0 survivors (0K)
 Metaspace       used 9525K, committed 9728K, reserved 1114112K
  class space    used 1459K, committed 1536K, reserved 1048576K
}
Event: 5.549 GC heap after
{Heap after GC invocations=36 (full 12):
 garbage-first heap   total 160768K, used 70820K [0x00000000c0000000, 0x0000000100000000)
  region size 1024K, 7 young (7168K), 7 survivors (7168K)
 Metaspace       used 9525K, committed 9728K, reserved 1114112K
  class space    used 1459K, committed 1536K, reserved 1048576K
}
Event: 5.626 GC heap before
{Heap before GC invocations=36 (full 12):
 garbage-first heap   total 160768K, used 120996K [0x00000000c0000000, 0x0000000100000000)
  region size 1024K, 56 young (57344K), 7 survivors (7168K)
 Metaspace       used 9526K, committed 9728K, reserved 1114112K
  class space    used 1459K, committed 1536K, reserved 1048576K
}
Event: 5.649 GC heap after
{Heap after GC invocations=37 (full 12):
 garbage-first heap   total 160768K, used 76378K [0x00000000c0000000, 0x0000000100000000)
  region size 1024K, 7 young (7168K), 7 survivors (7168K)
 Metaspace       used 9526K, committed 9728K, reserved 1114112K
  class space    used 1459K, committed 1536K, reserved 1048576K
}
Event: 5.723 GC heap before
{Heap before GC invocations=37 (full 12):
 garbage-first heap   total 160768K, used 123482K [0x00000000c0000000, 0x0000000100000000)
  region size 1024K, 53 young (54272K), 7 survivors (7168K)
 Metaspace       used 9526K, committed 9728K, reserved 1114112K
  class space    used 1459K, committed 1536K, reserved 1048576K
}
Event: 5.740 GC heap after
{Heap after GC invocations=38 (full 12):
 garbage-first heap   total 481280K, used 81989K [0x00000000c0000000, 0x0000000100000000)
  region size 1024K, 6 young (6144K), 6 survivors (6144K)
 Metaspace       used 9526K, committed 9728K, reserved 1114112K
  class space    used 1459K, committed 1536K, reserved 1048576K
}
Event: 5.860 GC heap before
{Heap before GC invocations=38 (full 12):
 garbage-first heap   total 481280K, used 126021K [0x00000000c0000000, 0x0000000100000000)
  region size 1024K, 50 young (51200K), 6 survivors (6144K)
 Metaspace       used 9527K, committed 9728K, reserved 1114112K
  class space    used 1459K, committed 1536K, reserved 1048576K
}
Event: 5.942 GC heap after
{Heap after GC invocations=39 (full 13):
 garbage-first heap   total 286720K, used 80515K [0x00000000c0000000, 0x0000000100000000)
  region size 1024K, 0 young (0K), 0 survivors (0K)
 Metaspace       used 9527K, committed 9728K, reserved 1114112K
  class space    used 1459K, committed 1536K, reserved 1048576K
}
Event: 6.054 GC heap before
{Heap before GC invocations=39 (full 13):
 garbage-first heap   total 286720K, used 113283K [0x00000000c0000000, 0x0000000100000000)
  region size 1024K, 33 young (33792K), 0 survivors (0K)
 Metaspace       used 9527K, committed 9728K, reserved 1114112K
  class space    used 1459K, committed 1536K, reserved 1048576K
}
Event: 6.133 GC heap after
{Heap after GC invocations=40 (full 14):
 garbage-first heap   total 286720K, used 83640K [0x00000000c0000000, 0x0000000100000000)
  region size 1024K, 0 young (0K), 0 survivors (0K)
 Metaspace       used 9527K, committed 9728K, reserved 1114112K
  class space    used 1459K, committed 1536K, reserved 1048576K
}
Event: 492.498 GC heap before
{Heap before GC invocations=40 (full 14):
 garbage-first heap   total 286720K, used 104120K [0x00000000c0000000, 0x0000000100000000)
  region size 1024K, 21 young (21504K), 0 survivors (0K)
 Metaspace       used 10047K, committed 10240K, reserved 1114112K
  class space    used 1509K, committed 1600K, reserved 1048576K
}
Event: 492.659 GC heap after
{Heap after GC invocations=41 (full 15):
 garbage-first heap   total 273408K, used 79110K [0x00000000c0000000, 0x0000000100000000)
  region size 1024K, 0 young (0K), 0 survivors (0K)
 Metaspace       used 10047K, committed 10240K, reserved 1114112K
  class space    used 1509K, committed 1600K, reserved 1048576K
}

